1615458094271	geckodriver	INFO	Listening on 127.0.0.1:50160
1615458636395	geckodriver	INFO	Listening on 127.0.0.1:50353
1615458639412	mozrunner::runner	INFO	Running command: "C:\\Program Files\\Mozilla Firefox\\firefox.exe" "--marionette" "-foreground" "-no-remote" "-profile" "C:\\Users\\hamza\\AppData\\Local\\Temp\\rust_mozprofileLZiRT7"
console.warn: SearchSettings: "get: No settings file exists, new profile?" (new Error("", "(unknown module)"))
1615458644981	Marionette	INFO	Listening on port 50362
1615458645264	Marionette	WARN	TLS certificate errors will be ignored for this session
1615458650683	Marionette	INFO	Stopped listening on port 50362

###!!! [Child][RunMessage] Error: Channel closing: too late to send/recv, messages will be lost

1615458682483	geckodriver	INFO	Listening on 127.0.0.1:50422
1615458685493	mozrunner::runner	INFO	Running command: "C:\\Program Files\\Mozilla Firefox\\firefox.exe" "--marionette" "-foreground" "-no-remote" "-profile" "C:\\Users\\hamza\\AppData\\Local\\Temp\\rust_mozprofileOl0Xhn"
console.warn: SearchSettings: "get: No settings file exists, new profile?" (new Error("", "(unknown module)"))
1615458691301	Marionette	INFO	Listening on port 50430
1615458691375	Marionette	WARN	TLS certificate errors will be ignored for this session
console.log: WebExtensions: reset-default-search: No addons in our list are installed.
console.warn: "Inspector destroyed while executing onReflow callback"
1615465655047	Marionette	WARN	Ignoring event 'pageshow' because document has an invalid readyState of 'interactive'.
JavaScript error: https://maps.googleapis.com/maps/api/js?v=3.31&sensor=false&callback=_wf_maps_loaded&key=AIzaSyDPEQplCOg6Z3cc7c4YJmpEPk_Ck2ZYm30&_=1615466191136, line 78: Error: Could not load "marker".
JavaScript error: https://maps.googleapis.com/maps/api/js?v=3.31&sensor=false&callback=_wf_maps_loaded&key=AIzaSyDPEQplCOg6Z3cc7c4YJmpEPk_Ck2ZYm30&_=1615466191136, line 78: Error: Could not load "infowindow".
1615482651136	Marionette	INFO	Stopped listening on port 50430

###!!! [Child][RunMessage] Error: Channel closing: too late to send/recv, messages will be lost

"--marionette" "-foreground" "-no-remote" "-profile" "C:\\Users\\hamza\\AppData\\Local\\Temp\\rust_mozprofileSMFxYU"
console.warn: SearchSettings: "get: No settings file exists, new profile?" (new Error("", "(unknown module)"))
1615471498033	Marionette	INFO	Listening on port 54113
1615471498562	Marionette	WARN	TLS certificate errors will be ignored for this session
1615471619150	Marionette	INFO	Stopped listening on port 54113

###!!! [Child][RunMessage] Error: Channel closing: too late to send/recv, messages will be lost

1615471656602	geckodriver	INFO	Listening on 127.0.0.1:54325
1615471659624	mozrunner::runner	INFO	Running command: "C:\\Program Files\\Mozilla Firefox\\firefox.exe" "--marionette" "-foreground" "-no-remote" "-profile" "C:\\Users\\hamza\\AppData\\Local\\Temp\\rust_mozprofiletcdLPU"
console.warn: SearchSettings: "get: No settings file exists, new profile?" (new Error("", "(unknown module)"))
1615471664938	Marionette	INFO	Listening on port 54334
1615471664993	Marionette	WARN	TLS certificate errors will be ignored for this session

###!!! [Child][MessageChannel] Error: (msgtype=0x5B0004,name=PHttpChannel::Msg_Cancel) Channel closing: too late to send/recv, messages will be lost


###!!! [Child][MessageChannel] Error: (msgtype=0x5B0009,name=PHttpChannel::Msg_DeletingChannel) Channel closing: too late to send/recv, messages will be lost

1615471693777	Marionette	INFO	Stopped listening on port 54334

###!!! [Child][RunMessage] Error: Channel closing: too late to send/recv, messages will be lost

1615471698609	geckodriver	INFO	Listening on 127.0.0.1:54456
1615471701628	mozrunner::runner	INFO	Running command: "C:\\Program Files\\Mozilla Firefox\\firefox.exe" "--marionette" "-foreground" "-no-remote" "-profile" "C:\\Users\\hamza\\AppData\\Local\\Temp\\rust_mozprofilezxWdWO"
console.warn: SearchSettings: "get: No settings file exists, new profile?" (new Error("", "(unknown module)"))
1615471706893	Marionette	INFO	Listening on port 54466
1615471706964	Marionette	WARN	TLS certificate errors will be ignored for this session
1615471714780	Marionette	INFO	Stopped listening on port 54466

###!!! [Child][RunMessage] Error: Channel closing: too late to send/recv, messages will be lost

1615471741567	geckodriver	INFO	Listening on 127.0.0.1:54596
1615471744594	mozrunner::runner	INFO	Running command: "C:\\Program Files\\Mozilla Firefox\\firefox.exe" "--marionette" "-foreground" "-no-remote" "-profile" "C:\\Users\\hamza\\AppData\\Local\\Temp\\rust_mozprofile9yanYB"
console.warn: SearchSettings: "get: No settings file exists, new profile?" (new Error("", "(unknown module)"))
1615471750102	Marionette	INFO	Listening on port 54605
1615471750470	Marionette	WARN	TLS certificate errors will be ignored for this session
1615471760883	Marionette	INFO	Stopped listening on port 54605

###!!! [Child][RunMessage] Error: Channel closing: too late to send/recv, messages will be lost

1615471772524	geckodriver	INFO	Listening on 127.0.0.1:54731
1615471775546	mozrunner::runner	INFO	Running command: "C:\\Program Files\\Mozilla Firefox\\firefox.exe" "--marionette" "-foreground" "-no-remote" "-profile" "C:\\Users\\hamza\\AppData\\Local\\Temp\\rust_mozprofile9eK4ui"
console.warn: SearchSettings: "get: No settings file exists, new profile?" (new Error("", "(unknown module)"))
1615471780800	Marionette	INFO	Listening on port 54741
1615471780886	Marionette	WARN	TLS certificate errors will be ignored for this session
1615472277478	Marionette	INFO	Stopped listening on port 54741

###!!! [Child][RunMessage] Error: Channel closing: too late to send/recv, messages will be lost

1615472404206	geckodriver	INFO	Listening on 127.0.0.1:55257
1615472407240	mozrunner::runner	INFO	Running command: "C:\\Program Files\\Mozilla Firefox\\firefox.exe" "--marionette" "-foreground" "-no-remote" "-profile" "C:\\Users\\hamza\\AppData\\Local\\Temp\\rust_mozprofileuTJFQ2"
console.warn: SearchSettings: "get: No settings file exists, new profile?" (new Error("", "(unknown module)"))
1615472412765	Marionette	INFO	Listening on port 55266
1615472413112	Marionette	WARN	TLS certificate errors will be ignored for this session
1615472896969	Marionette	INFO	Stopped listening on port 55266

###!!! [Child][RunMessage] Error: Channel closing: too late to send/recv, messages will be lost

1615472898738	geckodriver	INFO	Listening on 127.0.0.1:55592
1615472901770	mozrunner::runner	INFO	Running command: "C:\\Program Files\\Mozilla Firefox\\firefox.exe" "--marionette" "-foreground" "-no-remote" "-profile" "C:\\Users\\hamza\\AppData\\Local\\Temp\\rust_mozprofileLDrUgw"
console.warn: SearchSettings: "get: No settings file exists, new profile?" (new Error("", "(unknown module)"))
1615472907274	Marionette	INFO	Listening on port 55601
1615472907645	Marionette	WARN	TLS certificate errors will be ignored for this session
console.log: WebExtensions: reset-default-search: No addons in our list are installed.
1615482652225	Marionette	INFO	Stopped listening on port 55601

###!!! [Child][RunMessage] Error: Channel closing: too late to send/recv, messages will be lost

"--marionette" "-foreground" "-no-remote" "-profile" "C:\\Users\\hamza\\AppData\\Local\\Temp\\rust_mozprofilevdIcTj"
console.warn: SearchSettings: "get: No settings file exists, new profile?" (new Error("", "(unknown module)"))
1615473681537	Marionette	INFO	Listening on port 56209
1615473682047	Marionette	WARN	TLS certificate errors will be ignored for this session
console.log: WebExtensions: reset-default-search: No addons in our list are installed.
1615482653300	Marionette	INFO	Stopped listening on port 56209

###!!! [Child][RunMessage] Error: Channel closing: too late to send/recv, messages will be lost

Temp\\rust_mozprofileps3tLb"
console.warn: SearchSettings: "get: No settings file exists, new profile?" (new Error("", "(unknown module)"))
1615473851845	Marionette	INFO	Listening on port 56435
1615473851976	Marionette	WARN	TLS certificate errors will be ignored for this session
console.log: WebExtensions: reset-default-search: No addons in our list are installed.
1615482654587	Marionette	INFO	Stopped listening on port 56435

###!!! [Child][RunMessage] Error: Channel closing: too late to send/recv, messages will be lost

1615499454660	geckodriver	INFO	Listening on 127.0.0.1:51802
1615499457716	mozrunner::runner	INFO	Running command: "C:\\Program Files\\Mozilla Firefox\\firefox.exe" "--marionette" "-foreground" "-no-remote" "-profile" "C:\\Users\\hamza\\AppData\\Local\\Temp\\rust_mozprofilevizIAw"
console.warn: SearchSettings: "get: No settings file exists, new profile?" (new Error("", "(unknown module)"))
1615499463619	Marionette	INFO	Listening on port 51810
JavaScript error: resource://activity-stream/lib/ASRouter.jsm, line 988: NS_ERROR_ILLEGAL_VALUE: Component returned failure code: 0x80070057 (NS_ERROR_ILLEGAL_VALUE) [nsIObserverService.removeObserver]
console.warn: services.settings: main/message-groups sync interrupted by shutdown
console.warn: services.settings: main/fxmonitor-breaches sync interrupted by shutdown
1615499464150	Marionette	WARN	TLS certificate errors will be ignored for this session
Marionette threw an error: TypeError: this.curBrowser is null
GeckoDriver.prototype.newSession@chrome://marionette/content/driver.js:910:7
despatch@chrome://marionette/content/server.js:297:40
execute@chrome://marionette/content/server.js:267:16
onPacket/<@chrome://marionette/content/server.js:240:20
onPacket@chrome://marionette/content/server.js:241:9
_onJSONObjectReady/<@chrome://marionette/content/transport.js:504:20

console.error: Region.jsm: "Error fetching region" (new TypeError("NetworkError when attempting to fetch resource.", ""))
console.error: Region.jsm: "Failed to fetch region" (new Error("NO_RESULT", "resource://gre/modules/Region.jsm", 422))
1615499464497	Marionette	INFO	Stopped listening on port 51810

###!!! [Child][RunMessage] Error: Channel closing: too late to send/recv, messages will be lost

1615499498362	geckodriver	INFO	Listening on 127.0.0.1:51839
1615499501397	mozrunner::runner	INFO	Running command: "C:\\Program Files\\Mozilla Firefox\\firefox.exe" "--marionette" "-foreground" "-no-remote" "-profile" "C:\\Users\\hamza\\AppData\\Local\\Temp\\rust_mozprofilegJE0UB"
console.warn: SearchSettings: "get: No settings file exists, new profile?" (new Error("", "(unknown module)"))
1615499507263	Marionette	INFO	Listening on port 51847
1615499507758	Marionette	WARN	TLS certificate errors will be ignored for this session
console.log: WebExtensions: reset-default-search: No addons in our list are installed.
1615500495379	Marionette	INFO	Stopped listening on port 51847

###!!! [Child][RunMessage] Error: Channel closing: too late to send/recv, messages will be lost

1615500648575	geckodriver	INFO	Listening on 127.0.0.1:52224
1615500651653	mozrunner::runner	INFO	Running command: "C:\\Program Files\\Mozilla Firefox\\firefox.exe" "--marionette" "-foreground" "-no-remote" "-profile" "C:\\Users\\hamza\\AppData\\Local\\Temp\\rust_mozprofileiOtqil"
console.warn: SearchSettings: "get: No settings file exists, new profile?" (new Error("", "(unknown module)"))
1615500657666	Marionette	INFO	Listening on port 52235
1615500657989	Marionette	WARN	TLS certificate errors will be ignored for this session
1615500713356	Marionette	INFO	Stopped listening on port 52235

###!!! [Child][RunMessage] Error: Channel closing: too late to send/recv, messages will be lost

"--marionette" "-foreground" "-no-remote" "-profile" "C:\\Users\\hamza\\AppData\\Local\\Temp\\rust_mozprofileedJj7P"
console.warn: SearchSettings: "get: No settings file exists, new profile?" (new Error("", "(unknown module)"))
[Parent 43596, IPC I/O Parent] WARNING: file /builds/worker/checkouts/gecko/ipc/chromium/src/base/process_util_win.cc:167
1615500708690	Marionette	INFO	Listening on port 52371
1615500708776	Marionette	WARN	TLS certificate errors will be ignored for this session
1615500722301	Marionette	INFO	Stopped listening on port 52371

###!!! [Child][RunMessage] Error: Channel closing: too late to send/recv, messages will be lost

1615538856656	geckodriver	INFO	Listening on 127.0.0.1:49477
1615538859756	mozrunner::runner	INFO	Running command: "C:\\Program Files\\Mozilla Firefox\\firefox.exe" "--marionette" "-foreground" "-no-remote" "-profile" "C:\\Users\\hamza\\AppData\\Local\\Temp\\rust_mozprofilepzE48V"
console.warn: SearchSettings: "get: No settings file exists, new profile?" (new Error("", "(unknown module)"))
1615538865888	Marionette	INFO	Listening on port 49485
1615538866156	Marionette	WARN	TLS certificate errors will be ignored for this session
console.log: WebExtensions: reset-default-search: No addons in our list are installed.
1615539695321	Marionette	INFO	Stopped listening on port 49485

###!!! [Child][RunMessage] Error: Channel closing: too late to send/recv, messages will be lost

"--marionette" "-foreground" "-no-remote" "-profile" "C:\\Users\\hamza\\AppData\\Local\\Temp\\rust_mozprofile01a8UB"
console.warn: SearchSettings: "get: No settings file exists, new profile?" (new Error("", "(unknown module)"))
1615539415461	Marionette	INFO	Listening on port 49759
1615539415670	Marionette	WARN	TLS certificate errors will be ignored for this session
1615539696430	Marionette	INFO	Stopped listening on port 49759

###!!! [Child][RunMessage] Error: Channel closing: too late to send/recv, messages will be lost

"--marionette" "-foreground" "-no-remote" "-profile" "C:\\Users\\hamza\\AppData\\Local\\Temp\\rust_mozprofilendBwLI"
console.warn: SearchSettings: "get: No settings file exists, new profile?" (new Error("", "(unknown module)"))
1615539592114	Marionette	INFO	Listening on port 49980
1615539592521	Marionette	WARN	TLS certificate errors will be ignored for this session
1615539616154	Marionette	INFO	Stopped listening on port 49980
JavaScript error: resource:///modules/FaviconLoader.jsm, line 596: InvalidStateError: JSWindowActorChild.sendAsyncMessage: JSWindowActorChild cannot send at the moment

###!!! [Child][RunMessage] Error: Channel closing: too late to send/recv, messages will be lost

1615539709365	geckodriver	INFO	Listening on 127.0.0.1:50122
1615539712419	mozrunner::runner	INFO	Running command: "C:\\Program Files\\Mozilla Firefox\\firefox.exe" "--marionette" "-foreground" "-no-remote" "-profile" "C:\\Users\\hamza\\AppData\\Local\\Temp\\rust_mozprofilespgb9C"
console.warn: SearchSettings: "get: No settings file exists, new profile?" (new Error("", "(unknown module)"))
1615539717544	Marionette	INFO	Listening on port 50130
1615539717797	Marionette	WARN	TLS certificate errors will be ignored for this session
1615539881181	Marionette	INFO	Stopped listening on port 50130

###!!! [Child][RunMessage] Error: Channel closing: too late to send/recv, messages will be lost

1615539895717	geckodriver	INFO	Listening on 127.0.0.1:50266
1615539898770	mozrunner::runner	INFO	Running command: "C:\\Program Files\\Mozilla Firefox\\firefox.exe" "--marionette" "-foreground" "-no-remote" "-profile" "C:\\Users\\hamza\\AppData\\Local\\Temp\\rust_mozprofileJVlv6p"
console.warn: SearchSettings: "get: No settings file exists, new profile?" (new Error("", "(unknown module)"))
1615539903776	Marionette	INFO	Listening on port 50274
1615539904138	Marionette	WARN	TLS certificate errors will be ignored for this session
1615539928655	Marionette	INFO	Stopped listening on port 50274

###!!! [Child][RunMessage] Error: Channel closing: too late to send/recv, messages will be lost

1615540041448	geckodriver	INFO	Listening on 127.0.0.1:50414
1615540044495	mozrunner::runner	INFO	Running command: "C:\\Program Files\\Mozilla Firefox\\firefox.exe" "--marionette" "-headless" "-foreground" "-no-remote" "-profile" "C:\\Users\\hamza\\AppData\\Local\\Temp\\rust_mozprofile4aUM4d"
*** You are running in headless mode.
console.warn: SearchSettings: "get: No settings file exists, new profile?" (new Error("", "(unknown module)"))
1615540047861	Marionette	INFO	Listening on port 50423
1615540048221	Marionette	WARN	TLS certificate errors will be ignored for this session
1615540073470	Marionette	INFO	Stopped listening on port 50423
1615541562472	geckodriver	INFO	Listening on 127.0.0.1:50849
1615541565532	mozrunner::runner	INFO	Running command: "C:\\Program Files\\Mozilla Firefox\\firefox.exe" "--marionette" "-headless" "-foreground" "-no-remote" "-profile" "C:\\Users\\hamza\\AppData\\Local\\Temp\\rust_mozprofile5i2fUw"
*** You are running in headless mode.
console.warn: SearchSettings: "get: No settings file exists, new profile?" (new Error("", "(unknown module)"))
1615541568879	Marionette	INFO	Listening on port 50857
1615541569251	Marionette	WARN	TLS certificate errors will be ignored for this session
1615541593953	Marionette	INFO	Stopped listening on port 50857
1615546547225	geckodriver	INFO	Listening on 127.0.0.1:51832
1615546550269	mozrunner::runner	INFO	Running command: "C:\\Program Files\\Mozilla Firefox\\firefox.exe" "--marionette" "-headless" "-foreground" "-no-remote" "-profile" "C:\\Users\\hamza\\AppData\\Local\\Temp\\rust_mozprofileAxLfG2"
*** You are running in headless mode.
console.warn: SearchSettings: "get: No settings file exists, new profile?" (new Error("", "(unknown module)"))
1615546553600	Marionette	INFO	Listening on port 51841
1615546553974	Marionette	WARN	TLS certificate errors will be ignored for this session
1615546578024	Marionette	INFO	Stopped listening on port 51841
1615546664951	geckodriver	INFO	Listening on 127.0.0.1:51981
1615546668024	mozrunner::runner	INFO	Running command: "C:\\Program Files\\Mozilla Firefox\\firefox.exe" "--marionette" "-headless" "-foreground" "-no-remote" "-profile" "C:\\Users\\hamza\\AppData\\Local\\Temp\\rust_mozprofileE3o7dK"
*** You are running in headless mode.
console.warn: SearchSettings: "get: No settings file exists, new profile?" (new Error("", "(unknown module)"))
1615546671370	Marionette	INFO	Listening on port 51989
1615546671753	Marionette	WARN	TLS certificate errors will be ignored for this session
1615546691555	Marionette	INFO	Stopped listening on port 51989
1615549314468	geckodriver	INFO	Listening on 127.0.0.1:52523
1615549317515	mozrunner::runner	INFO	Running command: "C:\\Program Files\\Mozilla Firefox\\firefox.exe" "--marionette" "-headless" "-foreground" "-no-remote" "-profile" "C:\\Users\\hamza\\AppData\\Local\\Temp\\rust_mozprofileCfjuQf"
*** You are running in headless mode.
console.warn: SearchSettings: "get: No settings file exists, new profile?" (new Error("", "(unknown module)"))
1615549320770	Marionette	INFO	Listening on port 52532
1615549321206	Marionette	WARN	TLS certificate errors will be ignored for this session
1615549341284	Marionette	INFO	Stopped listening on port 52532
JavaScript error: resource:///modules/FaviconLoader.jsm, line 596: InvalidStateError: JSWindowActorChild.sendAsyncMessage: JSWindowActorChild cannot send at the moment
1615549658307	geckodriver	INFO	Listening on 127.0.0.1:52700
1615549661366	mozrunner::runner	INFO	Running command: "C:\\Program Files\\Mozilla Firefox\\firefox.exe" "--marionette" "-headless" "-foreground" "-no-remote" "-profile" "C:\\Users\\hamza\\AppData\\Local\\Temp\\rust_mozprofileoFOQi2"
*** You are running in headless mode.
console.warn: SearchSettings: "get: No settings file exists, new profile?" (new Error("", "(unknown module)"))
1615549664788	Marionette	INFO	Listening on port 52709
1615549665090	Marionette	WARN	TLS certificate errors will be ignored for this session
1615549688068	Marionette	INFO	Stopped listening on port 52709
1615550106757	geckodriver	INFO	Listening on 127.0.0.1:52895
1615550109805	mozrunner::runner	INFO	Running command: "C:\\Program Files\\Mozilla Firefox\\firefox.exe" "--marionette" "-headless" "-foreground" "-no-remote" "-profile" "C:\\Users\\hamza\\AppData\\Local\\Temp\\rust_mozprofileXScAFA"
*** You are running in headless mode.
console.warn: SearchSettings: "get: No settings file exists, new profile?" (new Error("", "(unknown module)"))
1615550113354	Marionette	INFO	Listening on port 52903
1615550113520	Marionette	WARN	TLS certificate errors will be ignored for this session
1615550137458	Marionette	INFO	Stopped listening on port 52903
JavaScript error: resource:///modules/FaviconLoader.jsm, line 596: InvalidStateError: JSWindowActorChild.sendAsyncMessage: JSWindowActorChild cannot send at the moment
1615550203623	geckodriver	INFO	Listening on 127.0.0.1:53031
1615550206668	mozrunner::runner	INFO	Running command: "C:\\Program Files\\Mozilla Firefox\\firefox.exe" "--marionette" "-headless" "-foreground" "-no-remote" "-profile" "C:\\Users\\hamza\\AppData\\Local\\Temp\\rust_mozprofilem15dQB"
*** You are running in headless mode.
console.warn: SearchSettings: "get: No settings file exists, new profile?" (new Error("", "(unknown module)"))
1615550210241	Marionette	INFO	Listening on port 53041
1615550210378	Marionette	WARN	TLS certificate errors will be ignored for this session
1615550228845	Marionette	INFO	Stopped listening on port 53041
JavaScript error: chrome://global/content/elements/browser-custom-element.js, line 1681: NotFoundError: No such JSWindowActor 'MarionetteEvents'
JavaScript error: resource:///modules/FaviconLoader.jsm, line 596: InvalidStateError: JSWindowActorChild.sendAsyncMessage: JSWindowActorChild cannot send at the moment
1615550271245	geckodriver	INFO	Listening on 127.0.0.1:53170
1615550274291	mozrunner::runner	INFO	Running command: "C:\\Program Files\\Mozilla Firefox\\firefox.exe" "--marionette" "-headless" "-foreground" "-no-remote" "-profile" "C:\\Users\\hamza\\AppData\\Local\\Temp\\rust_mozprofileznEfVK"
*** You are running in headless mode.
console.warn: SearchSettings: "get: No settings file exists, new profile?" (new Error("", "(unknown module)"))
1615550278286	Marionette	INFO	Listening on port 53180
1615550278505	Marionette	WARN	TLS certificate errors will be ignored for this session
1615550301900	Marionette	INFO	Stopped listening on port 53180
